Winit_SFA_Baskin_Robins/build/outputs/logs/manifest-merger-release-report.txt
-- Merging decision tree log ---
manifest
ADDED from BaskinStudio_VAT\Winit_SFA_Baskin_Robins\AndroidManifest.xml:2:1-837:12
	package
		ADDED from BaskinStudio_VAT\Winit_SFA_Baskin_Robins\AndroidManifest.xml:3:5-46
	android:versionName
		ADDED from BaskinStudio_VAT\Winit_SFA_Baskin_Robins\AndroidManifest.xml:5:5-30
		INJECTED from BaskinStudio_VAT\Winit_SFA_Baskin_Robins\AndroidManifest.xml
		INJECTED from BaskinStudio_VAT\Winit_SFA_Baskin_Robins\AndroidManifest.xml
	android:versionCode
		ADDED from BaskinStudio_VAT\Winit_SFA_Baskin_Robins\AndroidManifest.xml:4:5-29
		INJECTED from BaskinStudio_VAT\Winit_SFA_Baskin_Robins\AndroidManifest.xml
		INJECTED from BaskinStudio_VAT\Winit_SFA_Baskin_Robins\AndroidManifest.xml
	xmlns:android
		ADDED from BaskinStudio_VAT\Winit_SFA_Baskin_Robins\AndroidManifest.xml:2:11-69
uses-sdk
ADDED from BaskinStudio_VAT\Winit_SFA_Baskin_Robins\AndroidManifest.xml:7:5-44
MERGED from [BaskinStudio_VAT:google-play-services_lib:unspecified] AndroidManifest.xml:23:5-43
	android:minSdkVersion
		ADDED from BaskinStudio_VAT\Winit_SFA_Baskin_Robins\AndroidManifest.xml:7:15-41
supports-screens
ADDED from BaskinStudio_VAT\Winit_SFA_Baskin_Robins\AndroidManifest.xml:8:5-51
	android:anyDensity
		ADDED from BaskinStudio_VAT\Winit_SFA_Baskin_Robins\AndroidManifest.xml:8:23-48
uses-permission#android.permission.RECORD_AUDIO
ADDED from BaskinStudio_VAT\Winit_SFA_Baskin_Robins\AndroidManifest.xml:10:5-71
	android:name
		ADDED from BaskinStudio_VAT\Winit_SFA_Baskin_Robins\AndroidManifest.xml:10:22-68
uses-permission#android.permission.WAKE_LOCK
ADDED from BaskinStudio_VAT\Winit_SFA_Baskin_Robins\AndroidManifest.xml:11:5-68
	android:name
		ADDED from BaskinStudio_VAT\Winit_SFA_Baskin_Robins\AndroidManifest.xml:11:22-65
uses-permission#android.permission.WRITE_SETTINGS
ADDED from BaskinStudio_VAT\Winit_SFA_Baskin_Robins\AndroidManifest.xml:12:5-73
	android:name
		ADDED from BaskinStudio_VAT\Winit_SFA_Baskin_Robins\AndroidManifest.xml:12:22-70
uses-permission#android.permission.INTERNET
ADDED from BaskinStudio_VAT\Winit_SFA_Baskin_Robins\AndroidManifest.xml:13:5-67
	android:name
		ADDED from BaskinStudio_VAT\Winit_SFA_Baskin_Robins\AndroidManifest.xml:13:22-64
uses-permission#android.permission.SDCARD_WRITE
ADDED from BaskinStudio_VAT\Winit_SFA_Baskin_Robins\AndroidManifest.xml:14:5-71
	android:name
		ADDED from BaskinStudio_VAT\Winit_SFA_Baskin_Robins\AndroidManifest.xml:14:22-68
uses-permission#android.permission.READ_PHONE_STATE
ADDED from BaskinStudio_VAT\Winit_SFA_Baskin_Robins\AndroidManifest.xml:15:5-75
	android:name
		ADDED from BaskinStudio_VAT\Winit_SFA_Baskin_Robins\AndroidManifest.xml:15:22-72
uses-permission#android.permission.WRITE_EXTERNAL_STORAGE
ADDED from BaskinStudio_VAT\Winit_SFA_Baskin_Robins\AndroidManifest.xml:16:5-81
	android:name
		ADDED from BaskinStudio_VAT\Winit_SFA_Baskin_Robins\AndroidManifest.xml:16:22-78
uses-permission#android.permission.WRITE_INTERNAL_STORAGE
ADDED from BaskinStudio_VAT\Winit_SFA_Baskin_Robins\AndroidManifest.xml:17:5-81
	android:name
		ADDED from BaskinStudio_VAT\Winit_SFA_Baskin_Robins\AndroidManifest.xml:17:22-78
uses-permission#android.permission.ACCESS_NETWORK_STATE
ADDED from BaskinStudio_VAT\Winit_SFA_Baskin_Robins\AndroidManifest.xml:18:5-79
	android:name
		ADDED from BaskinStudio_VAT\Winit_SFA_Baskin_Robins\AndroidManifest.xml:18:22-76
uses-permission#android.permission.ACCESS_FINE_LOCATION
ADDED from BaskinStudio_VAT\Winit_SFA_Baskin_Robins\AndroidManifest.xml:19:5-79
	android:name
		ADDED from BaskinStudio_VAT\Winit_SFA_Baskin_Robins\AndroidManifest.xml:19:22-76
uses-permission#android.permission.ACCESS_COARSE_LOCATION
ADDED from BaskinStudio_VAT\Winit_SFA_Baskin_Robins\AndroidManifest.xml:21:5-81
	android:name
		ADDED from BaskinStudio_VAT\Winit_SFA_Baskin_Robins\AndroidManifest.xml:21:22-78
uses-permission#android.permission.ACCESS_LOCATION_EXTRA_COMMANDS
ADDED from BaskinStudio_VAT\Winit_SFA_Baskin_Robins\AndroidManifest.xml:22:5-89
	android:name
		ADDED from BaskinStudio_VAT\Winit_SFA_Baskin_Robins\AndroidManifest.xml:22:22-86
uses-permission#android.permission.CAMERA
ADDED from BaskinStudio_VAT\Winit_SFA_Baskin_Robins\AndroidManifest.xml:23:5-65
	android:name
		ADDED from BaskinStudio_VAT\Winit_SFA_Baskin_Robins\AndroidManifest.xml:23:22-62
uses-permission#android.permission.VIBRATE
ADDED from BaskinStudio_VAT\Winit_SFA_Baskin_Robins\AndroidManifest.xml:24:5-66
	android:name
		ADDED from BaskinStudio_VAT\Winit_SFA_Baskin_Robins\AndroidManifest.xml:24:22-63
uses-permission#android.permission.FLASHLIGHT
ADDED from BaskinStudio_VAT\Winit_SFA_Baskin_Robins\AndroidManifest.xml:25:5-69
	android:name
		ADDED from BaskinStudio_VAT\Winit_SFA_Baskin_Robins\AndroidManifest.xml:25:22-66
uses-permission#android.permission.GET_TASKS
ADDED from BaskinStudio_VAT\Winit_SFA_Baskin_Robins\AndroidManifest.xml:26:5-68
	android:name
		ADDED from BaskinStudio_VAT\Winit_SFA_Baskin_Robins\AndroidManifest.xml:26:22-65
uses-permission#android.permission.CALL_PHONE
ADDED from BaskinStudio_VAT\Winit_SFA_Baskin_Robins\AndroidManifest.xml:27:5-69
	android:name
		ADDED from BaskinStudio_VAT\Winit_SFA_Baskin_Robins\AndroidManifest.xml:27:22-66
uses-permission#android.permission.BLUETOOTH
ADDED from BaskinStudio_VAT\Winit_SFA_Baskin_Robins\AndroidManifest.xml:28:5-29:23
	android:name
		ADDED from BaskinStudio_VAT\Winit_SFA_Baskin_Robins\AndroidManifest.xml:28:22-65
uses-permission#com.winit.bisleri.permission.MAPS_RECEIVE
ADDED from BaskinStudio_VAT\Winit_SFA_Baskin_Robins\AndroidManifest.xml:30:5-81
	android:name
		ADDED from BaskinStudio_VAT\Winit_SFA_Baskin_Robins\AndroidManifest.xml:30:22-78
uses-permission#android.permission.BLUETOOTH_ADMIN
ADDED from BaskinStudio_VAT\Winit_SFA_Baskin_Robins\AndroidManifest.xml:31:5-32:23
	android:name
		ADDED from BaskinStudio_VAT\Winit_SFA_Baskin_Robins\AndroidManifest.xml:31:22-71
uses-permission#android.permission.ACCESS_WIFI_STATE
ADDED from BaskinStudio_VAT\Winit_SFA_Baskin_Robins\AndroidManifest.xml:37:5-76
	android:name
		ADDED from BaskinStudio_VAT\Winit_SFA_Baskin_Robins\AndroidManifest.xml:37:22-73
uses-feature#android.hardware.camera
ADDED from BaskinStudio_VAT\Winit_SFA_Baskin_Robins\AndroidManifest.xml:39:5-60
	android:name
		ADDED from BaskinStudio_VAT\Winit_SFA_Baskin_Robins\AndroidManifest.xml:39:19-57
uses-feature#android.hardware.camera.autofocus
ADDED from BaskinStudio_VAT\Winit_SFA_Baskin_Robins\AndroidManifest.xml:40:5-42:36
	android:required
		ADDED from BaskinStudio_VAT\Winit_SFA_Baskin_Robins\AndroidManifest.xml:42:9-33
	android:name
		ADDED from BaskinStudio_VAT\Winit_SFA_Baskin_Robins\AndroidManifest.xml:41:9-57
uses-permission#com.google.android.providers.gsf.permission.READ_GSERVICES
ADDED from BaskinStudio_VAT\Winit_SFA_Baskin_Robins\AndroidManifest.xml:44:5-98
	android:name
		ADDED from BaskinStudio_VAT\Winit_SFA_Baskin_Robins\AndroidManifest.xml:44:22-95
uses-permission#com.winit.centurion.permission.MAPS_RECEIVE
ADDED from BaskinStudio_VAT\Winit_SFA_Baskin_Robins\AndroidManifest.xml:45:5-83
	android:name
		ADDED from BaskinStudio_VAT\Winit_SFA_Baskin_Robins\AndroidManifest.xml:45:22-80
permission#com.winit.centurion.permission.MAPS_RECEIVE
ADDED from BaskinStudio_VAT\Winit_SFA_Baskin_Robins\AndroidManifest.xml:47:5-49:47
	android:protectionLevel
		ADDED from BaskinStudio_VAT\Winit_SFA_Baskin_Robins\AndroidManifest.xml:49:9-44
	android:name
		ADDED from BaskinStudio_VAT\Winit_SFA_Baskin_Robins\AndroidManifest.xml:48:9-67
uses-feature#0x00020000
ADDED from BaskinStudio_VAT\Winit_SFA_Baskin_Robins\AndroidManifest.xml:51:5-53:35
	android:glEsVersion
		ADDED from BaskinStudio_VAT\Winit_SFA_Baskin_Robins\AndroidManifest.xml:52:9-41
	android:required
		ADDED from BaskinStudio_VAT\Winit_SFA_Baskin_Robins\AndroidManifest.xml:53:9-32
permission#com.winit.baskinrobbin.salesman.permission.C2D_MESSAGE
ADDED from BaskinStudio_VAT\Winit_SFA_Baskin_Robins\AndroidManifest.xml:55:5-57:47
	android:protectionLevel
		ADDED from BaskinStudio_VAT\Winit_SFA_Baskin_Robins\AndroidManifest.xml:57:9-44
	android:name
		ADDED from BaskinStudio_VAT\Winit_SFA_Baskin_Robins\AndroidManifest.xml:56:9-78
uses-permission#com.winit.baskinrobbin.salesman.permission.C2D_MESSAGE
ADDED from BaskinStudio_VAT\Winit_SFA_Baskin_Robins\AndroidManifest.xml:59:5-94
	android:name
		ADDED from BaskinStudio_VAT\Winit_SFA_Baskin_Robins\AndroidManifest.xml:59:22-91
uses-permission#android.permission.USE_CREDENTIALS
ADDED from BaskinStudio_VAT\Winit_SFA_Baskin_Robins\AndroidManifest.xml:62:5-74
	android:name
		ADDED from BaskinStudio_VAT\Winit_SFA_Baskin_Robins\AndroidManifest.xml:62:22-71
uses-permission#com.google.android.c2dm.permission.RECEIVE
ADDED from BaskinStudio_VAT\Winit_SFA_Baskin_Robins\AndroidManifest.xml:64:5-82
	android:name
		ADDED from BaskinStudio_VAT\Winit_SFA_Baskin_Robins\AndroidManifest.xml:64:22-79
uses-permission#android.permission.GET_ACCOUNTS
ADDED from BaskinStudio_VAT\Winit_SFA_Baskin_Robins\AndroidManifest.xml:66:5-71
	android:name
		ADDED from BaskinStudio_VAT\Winit_SFA_Baskin_Robins\AndroidManifest.xml:66:22-68
application
ADDED from BaskinStudio_VAT\Winit_SFA_Baskin_Robins\AndroidManifest.xml:71:5-835:19
MERGED from [BaskinStudio_VAT:google-play-services_lib:unspecified] AndroidManifest.xml:25:5-20
	android:label
		ADDED from BaskinStudio_VAT\Winit_SFA_Baskin_Robins\AndroidManifest.xml:75:9-41
	android:hardwareAccelerated
		ADDED from BaskinStudio_VAT\Winit_SFA_Baskin_Robins\AndroidManifest.xml:73:9-43
	android:manageSpaceActivity
		ADDED from BaskinStudio_VAT\Winit_SFA_Baskin_Robins\AndroidManifest.xml:77:9-90
	android:icon
		ADDED from BaskinStudio_VAT\Winit_SFA_Baskin_Robins\AndroidManifest.xml:74:9-42
	android:largeHeap
		ADDED from BaskinStudio_VAT\Winit_SFA_Baskin_Robins\AndroidManifest.xml:76:9-33
	android:theme
		ADDED from BaskinStudio_VAT\Winit_SFA_Baskin_Robins\AndroidManifest.xml:78:9-56
	android:name
		ADDED from BaskinStudio_VAT\Winit_SFA_Baskin_Robins\AndroidManifest.xml:72:9-69
meta-data#com.google.android.maps.v2.API_KEY
ADDED from BaskinStudio_VAT\Winit_SFA_Baskin_Robins\AndroidManifest.xml:79:9-81:71
	android:value
		ADDED from BaskinStudio_VAT\Winit_SFA_Baskin_Robins\AndroidManifest.xml:81:13-68
	android:name
		ADDED from BaskinStudio_VAT\Winit_SFA_Baskin_Robins\AndroidManifest.xml:80:13-62
meta-data#com.google.android.gms.version
ADDED from BaskinStudio_VAT\Winit_SFA_Baskin_Robins\AndroidManifest.xml:82:9-84:69
	android:value
		ADDED from BaskinStudio_VAT\Winit_SFA_Baskin_Robins\AndroidManifest.xml:84:13-66
	android:name
		ADDED from BaskinStudio_VAT\Winit_SFA_Baskin_Robins\AndroidManifest.xml:83:13-58
activity#com.winit.baskinrobbin.salesman.SplashScreenActivity
ADDED from BaskinStudio_VAT\Winit_SFA_Baskin_Robins\AndroidManifest.xml:86:9-95:20
	android:screenOrientation
		ADDED from BaskinStudio_VAT\Winit_SFA_Baskin_Robins\AndroidManifest.xml:89:13-49
	android:label
		ADDED from BaskinStudio_VAT\Winit_SFA_Baskin_Robins\AndroidManifest.xml:88:13-45
	android:name
		ADDED from BaskinStudio_VAT\Winit_SFA_Baskin_Robins\AndroidManifest.xml:87:13-80
intent-filter#android.intent.action.MAIN+android.intent.category.LAUNCHER
ADDED from BaskinStudio_VAT\Winit_SFA_Baskin_Robins\AndroidManifest.xml:90:13-94:29
action#android.intent.action.MAIN
ADDED from BaskinStudio_VAT\Winit_SFA_Baskin_Robins\AndroidManifest.xml:91:17-69
	android:name
		ADDED from BaskinStudio_VAT\Winit_SFA_Baskin_Robins\AndroidManifest.xml:91:25-66
category#android.intent.category.LAUNCHER
ADDED from BaskinStudio_VAT\Winit_SFA_Baskin_Robins\AndroidManifest.xml:93:17-77
	android:name
		ADDED from BaskinStudio_VAT\Winit_SFA_Baskin_Robins\AndroidManifest.xml:93:27-74
activity#com.winit.baskinrobbin.salesman.LoginAcivity
ADDED from BaskinStudio_VAT\Winit_SFA_Baskin_Robins\AndroidManifest.xml:96:9-100:20
	android:screenOrientation
		ADDED from BaskinStudio_VAT\Winit_SFA_Baskin_Robins\AndroidManifest.xml:99:13-49
	android:label
		ADDED from BaskinStudio_VAT\Winit_SFA_Baskin_Robins\AndroidManifest.xml:98:13-45
	android:name
		ADDED from BaskinStudio_VAT\Winit_SFA_Baskin_Robins\AndroidManifest.xml:97:13-72
activity#com.winit.baskinrobbin.salesman.AdministratorLoginActivity
ADDED from BaskinStudio_VAT\Winit_SFA_Baskin_Robins\AndroidManifest.xml:101:9-105:20
	android:screenOrientation
		ADDED from BaskinStudio_VAT\Winit_SFA_Baskin_Robins\AndroidManifest.xml:104:13-49
	android:label
		ADDED from BaskinStudio_VAT\Winit_SFA_Baskin_Robins\AndroidManifest.xml:103:13-45
	android:name
		ADDED from BaskinStudio_VAT\Winit_SFA_Baskin_Robins\AndroidManifest.xml:102:13-86
activity#com.winit.baskinrobbin.salesman.ResetActivity
ADDED from BaskinStudio_VAT\Winit_SFA_Baskin_Robins\AndroidManifest.xml:106:9-110:20
	android:screenOrientation
		ADDED from BaskinStudio_VAT\Winit_SFA_Baskin_Robins\AndroidManifest.xml:109:13-49
	android:label
		ADDED from BaskinStudio_VAT\Winit_SFA_Baskin_Robins\AndroidManifest.xml:108:13-45
	android:name
		ADDED from BaskinStudio_VAT\Winit_SFA_Baskin_Robins\AndroidManifest.xml:107:13-73
activity#com.winit.baskinrobbin.salesman.DeviceActivation
ADDED from BaskinStudio_VAT\Winit_SFA_Baskin_Robins\AndroidManifest.xml:111:9-115:20
	android:screenOrientation
		ADDED from BaskinStudio_VAT\Winit_SFA_Baskin_Robins\AndroidManifest.xml:114:13-49
	android:label
		ADDED from BaskinStudio_VAT\Winit_SFA_Baskin_Robins\AndroidManifest.xml:113:13-45
	android:name
		ADDED from BaskinStudio_VAT\Winit_SFA_Baskin_Robins\AndroidManifest.xml:112:13-76
activity#com.winit.baskinrobbin.salesman.BaseActivity
ADDED from BaskinStudio_VAT\Winit_SFA_Baskin_Robins\AndroidManifest.xml:116:9-120:20
	android:screenOrientation
		ADDED from BaskinStudio_VAT\Winit_SFA_Baskin_Robins\AndroidManifest.xml:119:13-49
	android:label
		ADDED from BaskinStudio_VAT\Winit_SFA_Baskin_Robins\AndroidManifest.xml:118:13-45
	android:name
		ADDED from BaskinStudio_VAT\Winit_SFA_Baskin_Robins\AndroidManifest.xml:117:13-72
activity#com.winit.baskinrobbin.salesman.NoPriceItemActivity
ADDED from BaskinStudio_VAT\Winit_SFA_Baskin_Robins\AndroidManifest.xml:121:9-126:20
	android:screenOrientation
		ADDED from BaskinStudio_VAT\Winit_SFA_Baskin_Robins\AndroidManifest.xml:124:13-49
	android:label
		ADDED from BaskinStudio_VAT\Winit_SFA_Baskin_Robins\AndroidManifest.xml:123:13-45
	android:windowSoftInputMode
		ADDED from BaskinStudio_VAT\Winit_SFA_Baskin_Robins\AndroidManifest.xml:125:13-60
	android:name
		ADDED from BaskinStudio_VAT\Winit_SFA_Baskin_Robins\AndroidManifest.xml:122:13-79
activity#com.winit.baskinrobbin.salesman.EbsApprovedActivity
ADDED from BaskinStudio_VAT\Winit_SFA_Baskin_Robins\AndroidManifest.xml:127:9-131:20
	android:screenOrientation
		ADDED from BaskinStudio_VAT\Winit_SFA_Baskin_Robins\AndroidManifest.xml:130:13-49
	android:label
		ADDED from BaskinStudio_VAT\Winit_SFA_Baskin_Robins\AndroidManifest.xml:129:13-45
	android:name
		ADDED from BaskinStudio_VAT\Winit_SFA_Baskin_Robins\AndroidManifest.xml:128:13-79
activity#com.winit.baskinrobbin.BluetoothFilePrinter.BluetoothFilePrinter
ADDED from BaskinStudio_VAT\Winit_SFA_Baskin_Robins\AndroidManifest.xml:132:9-136:20
	android:screenOrientation
		ADDED from BaskinStudio_VAT\Winit_SFA_Baskin_Robins\AndroidManifest.xml:135:13-49
	android:label
		ADDED from BaskinStudio_VAT\Winit_SFA_Baskin_Robins\AndroidManifest.xml:134:13-45
	android:name
		ADDED from BaskinStudio_VAT\Winit_SFA_Baskin_Robins\AndroidManifest.xml:133:13-92
activity#com.winit.baskinrobbin.salesman.CaptureDamagedItemImage
ADDED from BaskinStudio_VAT\Winit_SFA_Baskin_Robins\AndroidManifest.xml:137:9-142:20
	android:screenOrientation
		ADDED from BaskinStudio_VAT\Winit_SFA_Baskin_Robins\AndroidManifest.xml:140:13-49
	android:label
		ADDED from BaskinStudio_VAT\Winit_SFA_Baskin_Robins\AndroidManifest.xml:139:13-45
	android:windowSoftInputMode
		ADDED from BaskinStudio_VAT\Winit_SFA_Baskin_Robins\AndroidManifest.xml:141:13-60
	android:name
		ADDED from BaskinStudio_VAT\Winit_SFA_Baskin_Robins\AndroidManifest.xml:138:13-83
activity#com.winit.baskinrobbin.salesman.CaptureInventoryCategory
ADDED from BaskinStudio_VAT\Winit_SFA_Baskin_Robins\AndroidManifest.xml:143:9-148:20
	android:screenOrientation
		ADDED from BaskinStudio_VAT\Winit_SFA_Baskin_Robins\AndroidManifest.xml:146:13-49
	android:label
		ADDED from BaskinStudio_VAT\Winit_SFA_Baskin_Robins\AndroidManifest.xml:145:13-45
	android:windowSoftInputMode
		ADDED from BaskinStudio_VAT\Winit_SFA_Baskin_Robins\AndroidManifest.xml:147:13-60
	android:name
		ADDED from BaskinStudio_VAT\Winit_SFA_Baskin_Robins\AndroidManifest.xml:144:13-84
activity#com.winit.baskinrobbin.salesman.SalesManTakeReplacementOrder
ADDED from BaskinStudio_VAT\Winit_SFA_Baskin_Robins\AndroidManifest.xml:149:9-154:20
	android:screenOrientation
		ADDED from BaskinStudio_VAT\Winit_SFA_Baskin_Robins\AndroidManifest.xml:152:13-49
	android:label
		ADDED from BaskinStudio_VAT\Winit_SFA_Baskin_Robins\AndroidManifest.xml:151:13-45
	android:windowSoftInputMode
		ADDED from BaskinStudio_VAT\Winit_SFA_Baskin_Robins\AndroidManifest.xml:153:13-60
	android:name
		ADDED from BaskinStudio_VAT\Winit_SFA_Baskin_Robins\AndroidManifest.xml:150:13-88
activity#com.winit.baskinrobbin.salesman.ReturnStockOption
ADDED from BaskinStudio_VAT\Winit_SFA_Baskin_Robins\AndroidManifest.xml:155:9-160:20
	android:screenOrientation
		ADDED from BaskinStudio_VAT\Winit_SFA_Baskin_Robins\AndroidManifest.xml:158:13-49
	android:label
		ADDED from BaskinStudio_VAT\Winit_SFA_Baskin_Robins\AndroidManifest.xml:157:13-45
	android:windowSoftInputMode
		ADDED from BaskinStudio_VAT\Winit_SFA_Baskin_Robins\AndroidManifest.xml:159:13-60
	android:name
		ADDED from BaskinStudio_VAT\Winit_SFA_Baskin_Robins\AndroidManifest.xml:156:13-77
activity#com.winit.baskinrobbin.salesman.CheckInOptionActivity
ADDED from BaskinStudio_VAT\Winit_SFA_Baskin_Robins\AndroidManifest.xml:161:9-166:20
	android:screenOrientation
		ADDED from BaskinStudio_VAT\Winit_SFA_Baskin_Robins\AndroidManifest.xml:164:13-49
	android:label
		ADDED from BaskinStudio_VAT\Winit_SFA_Baskin_Robins\AndroidManifest.xml:163:13-45
	android:windowSoftInputMode
		ADDED from BaskinStudio_VAT\Winit_SFA_Baskin_Robins\AndroidManifest.xml:165:13-60
	android:name
		ADDED from BaskinStudio_VAT\Winit_SFA_Baskin_Robins\AndroidManifest.xml:162:13-81
activity#com.winit.baskinrobbin.salesman.CheckInDemand
ADDED from BaskinStudio_VAT\Winit_SFA_Baskin_Robins\AndroidManifest.xml:167:9-172:20
	android:screenOrientation
		ADDED from BaskinStudio_VAT\Winit_SFA_Baskin_Robins\AndroidManifest.xml:170:13-49
	android:label
		ADDED from BaskinStudio_VAT\Winit_SFA_Baskin_Robins\AndroidManifest.xml:169:13-45
	android:windowSoftInputMode
		ADDED from BaskinStudio_VAT\Winit_SFA_Baskin_Robins\AndroidManifest.xml:171:13-60
	android:name
		ADDED from BaskinStudio_VAT\Winit_SFA_Baskin_Robins\AndroidManifest.xml:168:13-73
activity#com.winit.baskinrobbin.salesman.CaptureCompetitorDetail
ADDED from BaskinStudio_VAT\Winit_SFA_Baskin_Robins\AndroidManifest.xml:173:9-178:20
	android:screenOrientation
		ADDED from BaskinStudio_VAT\Winit_SFA_Baskin_Robins\AndroidManifest.xml:176:13-49
	android:label
		ADDED from BaskinStudio_VAT\Winit_SFA_Baskin_Robins\AndroidManifest.xml:175:13-45
	android:windowSoftInputMode
		ADDED from BaskinStudio_VAT\Winit_SFA_Baskin_Robins\AndroidManifest.xml:177:13-60
	android:name
		ADDED from BaskinStudio_VAT\Winit_SFA_Baskin_Robins\AndroidManifest.xml:174:13-83
activity#com.winit.baskinrobbin.salesman.SyncLogsActivityNew
ADDED from BaskinStudio_VAT\Winit_SFA_Baskin_Robins\AndroidManifest.xml:179:9-184:20
	android:screenOrientation
		ADDED from BaskinStudio_VAT\Winit_SFA_Baskin_Robins\AndroidManifest.xml:182:13-49
	android:label
		ADDED from BaskinStudio_VAT\Winit_SFA_Baskin_Robins\AndroidManifest.xml:181:13-45
	android:windowSoftInputMode
		ADDED from BaskinStudio_VAT\Winit_SFA_Baskin_Robins\AndroidManifest.xml:183:13-60
	android:name
		ADDED from BaskinStudio_VAT\Winit_SFA_Baskin_Robins\AndroidManifest.xml:180:13-79
activity#com.winit.baskinrobbin.salesman.MyActivities
ADDED from BaskinStudio_VAT\Winit_SFA_Baskin_Robins\AndroidManifest.xml:185:9-190:20
	android:screenOrientation
		ADDED from BaskinStudio_VAT\Winit_SFA_Baskin_Robins\AndroidManifest.xml:188:13-49
	android:label
		ADDED from BaskinStudio_VAT\Winit_SFA_Baskin_Robins\AndroidManifest.xml:187:13-45
	android:windowSoftInputMode
		ADDED from BaskinStudio_VAT\Winit_SFA_Baskin_Robins\AndroidManifest.xml:189:13-60
	android:name
		ADDED from BaskinStudio_VAT\Winit_SFA_Baskin_Robins\AndroidManifest.xml:186:13-72
activity#com.winit.baskinrobbin.salesman.CustomerAssetService
ADDED from BaskinStudio_VAT\Winit_SFA_Baskin_Robins\AndroidManifest.xml:191:9-196:20
	android:screenOrientation
		ADDED from BaskinStudio_VAT\Winit_SFA_Baskin_Robins\AndroidManifest.xml:194:13-49
	android:label
		ADDED from BaskinStudio_VAT\Winit_SFA_Baskin_Robins\AndroidManifest.xml:193:13-45
	android:windowSoftInputMode
		ADDED from BaskinStudio_VAT\Winit_SFA_Baskin_Robins\AndroidManifest.xml:195:13-60
	android:name
		ADDED from BaskinStudio_VAT\Winit_SFA_Baskin_Robins\AndroidManifest.xml:192:13-80
activity#com.winit.baskinrobbin.salesman.CapturedCompetitorActivity
ADDED from BaskinStudio_VAT\Winit_SFA_Baskin_Robins\AndroidManifest.xml:197:9-202:20
	android:screenOrientation
		ADDED from BaskinStudio_VAT\Winit_SFA_Baskin_Robins\AndroidManifest.xml:200:13-49
	android:label
		ADDED from BaskinStudio_VAT\Winit_SFA_Baskin_Robins\AndroidManifest.xml:199:13-45
	android:windowSoftInputMode
		ADDED from BaskinStudio_VAT\Winit_SFA_Baskin_Robins\AndroidManifest.xml:201:13-60
	android:name
		ADDED from BaskinStudio_VAT\Winit_SFA_Baskin_Robins\AndroidManifest.xml:198:13-86
activity#com.winit.baskinrobbin.salesman.ProductCatalogActivity
ADDED from BaskinStudio_VAT\Winit_SFA_Baskin_Robins\AndroidManifest.xml:203:9-208:20
	android:screenOrientation
		ADDED from BaskinStudio_VAT\Winit_SFA_Baskin_Robins\AndroidManifest.xml:206:13-49
	android:label
		ADDED from BaskinStudio_VAT\Winit_SFA_Baskin_Robins\AndroidManifest.xml:205:13-45
	android:windowSoftInputMode
		ADDED from BaskinStudio_VAT\Winit_SFA_Baskin_Robins\AndroidManifest.xml:207:13-60
	android:name
		ADDED from BaskinStudio_VAT\Winit_SFA_Baskin_Robins\AndroidManifest.xml:204:13-82
activity#com.winit.baskinrobbin.salesman.CaptureShelfPhotoActivity
ADDED from BaskinStudio_VAT\Winit_SFA_Baskin_Robins\AndroidManifest.xml:209:9-214:20
	android:screenOrientation
		ADDED from BaskinStudio_VAT\Winit_SFA_Baskin_Robins\AndroidManifest.xml:212:13-49
	android:label
		ADDED from BaskinStudio_VAT\Winit_SFA_Baskin_Robins\AndroidManifest.xml:211:13-45
	android:windowSoftInputMode
		ADDED from BaskinStudio_VAT\Winit_SFA_Baskin_Robins\AndroidManifest.xml:213:13-60
	android:name
		ADDED from BaskinStudio_VAT\Winit_SFA_Baskin_Robins\AndroidManifest.xml:210:13-85
activity#com.winit.baskinrobbin.salesman.ConsumerBehaviourSurveyActivityNew
ADDED from BaskinStudio_VAT\Winit_SFA_Baskin_Robins\AndroidManifest.xml:221:9-226:20
	android:screenOrientation
		ADDED from BaskinStudio_VAT\Winit_SFA_Baskin_Robins\AndroidManifest.xml:224:13-49
	android:label
		ADDED from BaskinStudio_VAT\Winit_SFA_Baskin_Robins\AndroidManifest.xml:223:13-45
	android:windowSoftInputMode
		ADDED from BaskinStudio_VAT\Winit_SFA_Baskin_Robins\AndroidManifest.xml:225:13-60
	android:name
		ADDED from BaskinStudio_VAT\Winit_SFA_Baskin_Robins\AndroidManifest.xml:222:13-94
activity#com.winit.baskinrobbin.salesman.TaskToDoActivity
ADDED from BaskinStudio_VAT\Winit_SFA_Baskin_Robins\AndroidManifest.xml:227:9-232:20
	android:screenOrientation
		ADDED from BaskinStudio_VAT\Winit_SFA_Baskin_Robins\AndroidManifest.xml:230:13-49
	android:label
		ADDED from BaskinStudio_VAT\Winit_SFA_Baskin_Robins\AndroidManifest.xml:229:13-45
	android:windowSoftInputMode
		ADDED from BaskinStudio_VAT\Winit_SFA_Baskin_Robins\AndroidManifest.xml:231:13-60
	android:name
		ADDED from BaskinStudio_VAT\Winit_SFA_Baskin_Robins\AndroidManifest.xml:228:13-76
activity#com.winit.baskinrobbin.salesman.PresellerCaptureInventry
ADDED from BaskinStudio_VAT\Winit_SFA_Baskin_Robins\AndroidManifest.xml:233:9-238:20
	android:screenOrientation
		ADDED from BaskinStudio_VAT\Winit_SFA_Baskin_Robins\AndroidManifest.xml:236:13-49
	android:label
		ADDED from BaskinStudio_VAT\Winit_SFA_Baskin_Robins\AndroidManifest.xml:235:13-45
	android:windowSoftInputMode
		ADDED from BaskinStudio_VAT\Winit_SFA_Baskin_Robins\AndroidManifest.xml:237:13-73
	android:name
		ADDED from BaskinStudio_VAT\Winit_SFA_Baskin_Robins\AndroidManifest.xml:234:13-84
activity#com.winit.baskinrobbin.salesman.PresellerJourneyPlan
ADDED from BaskinStudio_VAT\Winit_SFA_Baskin_Robins\AndroidManifest.xml:239:9-243:20
	android:screenOrientation
		ADDED from BaskinStudio_VAT\Winit_SFA_Baskin_Robins\AndroidManifest.xml:242:13-49
	android:label
		ADDED from BaskinStudio_VAT\Winit_SFA_Baskin_Robins\AndroidManifest.xml:241:13-45
	android:name
		ADDED from BaskinStudio_VAT\Winit_SFA_Baskin_Robins\AndroidManifest.xml:240:13-80
activity#com.winit.baskinrobbin.salesman.TodaysDashboradActivity
ADDED from BaskinStudio_VAT\Winit_SFA_Baskin_Robins\AndroidManifest.xml:244:9-248:20
	android:screenOrientation
		ADDED from BaskinStudio_VAT\Winit_SFA_Baskin_Robins\AndroidManifest.xml:247:13-49
	android:label
		ADDED from BaskinStudio_VAT\Winit_SFA_Baskin_Robins\AndroidManifest.xml:246:13-45
	android:name
		ADDED from BaskinStudio_VAT\Winit_SFA_Baskin_Robins\AndroidManifest.xml:245:13-83
activity#com.winit.baskinrobbin.salesman.AdvanceOrderDeliveryCustomerList
ADDED from BaskinStudio_VAT\Winit_SFA_Baskin_Robins\AndroidManifest.xml:249:9-254:20
	android:screenOrientation
		ADDED from BaskinStudio_VAT\Winit_SFA_Baskin_Robins\AndroidManifest.xml:252:13-49
	android:label
		ADDED from BaskinStudio_VAT\Winit_SFA_Baskin_Robins\AndroidManifest.xml:251:13-45
	android:windowSoftInputMode
		ADDED from BaskinStudio_VAT\Winit_SFA_Baskin_Robins\AndroidManifest.xml:253:13-60
	android:name
		ADDED from BaskinStudio_VAT\Winit_SFA_Baskin_Robins\AndroidManifest.xml:250:13-92
activity#com.winit.baskinrobbin.salesman.SalesmanSummaryofDay
ADDED from BaskinStudio_VAT\Winit_SFA_Baskin_Robins\AndroidManifest.xml:255:9-259:20
	android:screenOrientation
		ADDED from BaskinStudio_VAT\Winit_SFA_Baskin_Robins\AndroidManifest.xml:258:13-49
	android:label
		ADDED from BaskinStudio_VAT\Winit_SFA_Baskin_Robins\AndroidManifest.xml:257:13-45
	android:name
		ADDED from BaskinStudio_VAT\Winit_SFA_Baskin_Robins\AndroidManifest.xml:256:13-80
activity#com.winit.baskinrobbin.salesman.SalesmanSummaryofDayDetail
ADDED from BaskinStudio_VAT\Winit_SFA_Baskin_Robins\AndroidManifest.xml:260:9-264:20
	android:screenOrientation
		ADDED from BaskinStudio_VAT\Winit_SFA_Baskin_Robins\AndroidManifest.xml:263:13-49
	android:label
		ADDED from BaskinStudio_VAT\Winit_SFA_Baskin_Robins\AndroidManifest.xml:262:13-45
	android:name
		ADDED from BaskinStudio_VAT\Winit_SFA_Baskin_Robins\AndroidManifest.xml:261:13-86
activity#com.winit.baskinrobbin.salesman.SalesmanOrderDetail
ADDED from BaskinStudio_VAT\Winit_SFA_Baskin_Robins\AndroidManifest.xml:265:9-269:20
	android:screenOrientation
		ADDED from BaskinStudio_VAT\Winit_SFA_Baskin_Robins\AndroidManifest.xml:268:13-49
	android:label
		ADDED from BaskinStudio_VAT\Winit_SFA_Baskin_Robins\AndroidManifest.xml:267:13-45
	android:name
		ADDED from BaskinStudio_VAT\Winit_SFA_Baskin_Robins\AndroidManifest.xml:266:13-79
activity#com.winit.baskinrobbin.salesman.SalesmanLPOOrderDetail
ADDED from BaskinStudio_VAT\Winit_SFA_Baskin_Robins\AndroidManifest.xml:270:9-274:20
	android:screenOrientation
		ADDED from BaskinStudio_VAT\Winit_SFA_Baskin_Robins\AndroidManifest.xml:273:13-49
	android:label
		ADDED from BaskinStudio_VAT\Winit_SFA_Baskin_Robins\AndroidManifest.xml:272:13-45
	android:name
		ADDED from BaskinStudio_VAT\Winit_SFA_Baskin_Robins\AndroidManifest.xml:271:13-82
activity#com.winit.baskinrobbin.salesman.SalesmanReplacementOrderDetail
ADDED from BaskinStudio_VAT\Winit_SFA_Baskin_Robins\AndroidManifest.xml:275:9-279:20
	android:screenOrientation
		ADDED from BaskinStudio_VAT\Winit_SFA_Baskin_Robins\AndroidManifest.xml:278:13-49
	android:label
		ADDED from BaskinStudio_VAT\Winit_SFA_Baskin_Robins\AndroidManifest.xml:277:13-45
	android:name
		ADDED from BaskinStudio_VAT\Winit_SFA_Baskin_Robins\AndroidManifest.xml:276:13-90
activity#com.winit.baskinrobbin.salesman.SalesmanCheckIn
ADDED from BaskinStudio_VAT\Winit_SFA_Baskin_Robins\AndroidManifest.xml:280:9-284:20
	android:screenOrientation
		ADDED from BaskinStudio_VAT\Winit_SFA_Baskin_Robins\AndroidManifest.xml:283:13-49
	android:label
		ADDED from BaskinStudio_VAT\Winit_SFA_Baskin_Robins\AndroidManifest.xml:282:13-45
	android:name
		ADDED from BaskinStudio_VAT\Winit_SFA_Baskin_Robins\AndroidManifest.xml:281:13-75
activity#com.winit.baskinrobbin.salesman.WoosimPrinterActivity
ADDED from BaskinStudio_VAT\Winit_SFA_Baskin_Robins\AndroidManifest.xml:285:9-290:76
	android:screenOrientation
		ADDED from BaskinStudio_VAT\Winit_SFA_Baskin_Robins\AndroidManifest.xml:289:13-49
	android:label
		ADDED from BaskinStudio_VAT\Winit_SFA_Baskin_Robins\AndroidManifest.xml:288:13-45
	android:windowSoftInputMode
		ADDED from BaskinStudio_VAT\Winit_SFA_Baskin_Robins\AndroidManifest.xml:290:13-73
	android:configChanges
		ADDED from BaskinStudio_VAT\Winit_SFA_Baskin_Robins\AndroidManifest.xml:287:13-63
	android:name
		ADDED from BaskinStudio_VAT\Winit_SFA_Baskin_Robins\AndroidManifest.xml:286:13-81
activity#com.winit.baskinrobbin.salesman.DeliveryOrderSheet
ADDED from BaskinStudio_VAT\Winit_SFA_Baskin_Robins\AndroidManifest.xml:291:9-296:76
	android:screenOrientation
		ADDED from BaskinStudio_VAT\Winit_SFA_Baskin_Robins\AndroidManifest.xml:295:13-49
	android:label
		ADDED from BaskinStudio_VAT\Winit_SFA_Baskin_Robins\AndroidManifest.xml:294:13-45
	android:windowSoftInputMode
		ADDED from BaskinStudio_VAT\Winit_SFA_Baskin_Robins\AndroidManifest.xml:296:13-73
	android:configChanges
		ADDED from BaskinStudio_VAT\Winit_SFA_Baskin_Robins\AndroidManifest.xml:293:13-63